<?xml version="1.0" encoding="UTF-8"?>
<!-- Generated by org.testng.reporters.JUnitReportReporter -->
<testsuite hostname="DESKTOP-RBLI1AE" failures="0" tests="1" name="com.clouddemo.testscripts.CloudDemoBlogsTest" time="21.231" errors="0" timestamp="2023-08-25T17:56:08 IST" skipped="0">
  <testcase classname="com.clouddemo.testscripts.CloudDemoBlogsTest" name="verifyAddCategory" time="21.231"/>
  <system-out>
You are on Dashbpard You are on Blogs Page You are on Blog Category Page You are on Add Blog Category Page  </system-out>
</testsuite> <!-- com.clouddemo.testscripts.CloudDemoBlogsTest -->
