<?xml version="1.0" encoding="UTF-8"?>
<!-- Generated by org.testng.reporters.JUnitReportReporter -->
<testsuite hostname="DESKTOP-RBLI1AE" failures="0" tests="1" name="com.clouddemo.testscripts.CloudDemoCommunicationTest" time="19.137" errors="0" timestamp="2023-08-30T11:00:01 IST" skipped="0">
  <testcase classname="com.clouddemo.testscripts.CloudDemoCommunicationTest" name="verifyDeleteFaq" time="19.137"/>
  <system-out>
You are on FAQ'S Page  </system-out>
</testsuite> <!-- com.clouddemo.testscripts.CloudDemoCommunicationTest -->
