<?xml version="1.0" encoding="UTF-8"?>
<!-- Generated by org.testng.reporters.JUnitReportReporter -->
<testsuite hostname="DESKTOP-RBLI1AE" failures="0" tests="1" name="com.clouddemo.testscripts.CloudDemoToolsTest" time="19.952" errors="0" timestamp="2023-08-08T15:00:52 IST" skipped="0">
  <testcase classname="com.clouddemo.testscripts.CloudDemoToolsTest" name="verifyToolsDocumentCreated" time="19.952"/>
  <system-out>
You are now on Tools Document Page  </system-out>
</testsuite> <!-- com.clouddemo.testscripts.CloudDemoToolsTest -->
