<?xml version="1.0" encoding="UTF-8"?>
<!-- Generated by org.testng.reporters.JUnitReportReporter -->
<testsuite hostname="DESKTOP-RBLI1AE" failures="0" tests="1" name="com.clouddemo.testscripts.DatePickerTest" time="16.033" errors="0" timestamp="2023-08-16T11:50:48 IST" skipped="0">
  <testcase classname="com.clouddemo.testscripts.DatePickerTest" name="verifyDate" time="16.033"/>
  <system-out/>
</testsuite> <!-- com.clouddemo.testscripts.DatePickerTest -->
