<?xml version="1.0" encoding="UTF-8"?>
<!-- Generated by org.testng.reporters.JUnitReportReporter -->
<testsuite hostname="DESKTOP-RBLI1AE" failures="0" tests="3" name="com.clouddemo.testscripts.CloudDemoLoginTest" time="35.669" errors="0" timestamp="2023-07-28T15:17:45 IST" skipped="0">
  <testcase classname="com.clouddemo.testscripts.CloudDemoLoginTest" name="verifyValidLogin" time="12.637"/>
  <system-out>
Login Successfull  </system-out>
  <testcase classname="com.clouddemo.testscripts.CloudDemoLoginTest" name="verifyBlankEmailPasswordMsg" time="11.250"/>
  <system-out>
Email Required Msg displayed Password Required Msg displayed  </system-out>
  <testcase classname="com.clouddemo.testscripts.CloudDemoLoginTest" name="verifyInvalidEmailAddress" time="11.782"/>
  <system-out>
Wrong email  </system-out>
</testsuite> <!-- com.clouddemo.testscripts.CloudDemoLoginTest -->
