<?xml version="1.0" encoding="UTF-8"?>
<!-- Generated by org.testng.reporters.JUnitReportReporter -->
<testsuite hostname="DESKTOP-RBLI1AE" failures="0" tests="1" name="com.clouddemo.testscripts.CloudDemoSupportTicketTest" time="17.817" errors="0" timestamp="2023-08-09T17:23:22 IST" skipped="0">
  <testcase classname="com.clouddemo.testscripts.CloudDemoSupportTicketTest" name="verifyValidationMsgsOfDepartment" time="17.817"/>
  <system-out>
You are on Department You are on Add Department Page Displayed All Validation Msg  </system-out>
</testsuite> <!-- com.clouddemo.testscripts.CloudDemoSupportTicketTest -->
