<?xml version="1.0" encoding="UTF-8"?>
<!-- Generated by org.testng.reporters.JUnitReportReporter -->
<testsuite hostname="DESKTOP-RBLI1AE" failures="0" tests="1" name="com.clouddemo.testscripts.CloudDemoProfileTest" time="14.652" errors="0" timestamp="2023-08-12T16:53:01 IST" skipped="0">
  <testcase classname="com.clouddemo.testscripts.CloudDemoProfileTest" name="verifyUploadProfileImageUser" time="14.652"/>
  <system-out>
You are on Dashboard your are on profile You are on profile edit info  </system-out>
</testsuite> <!-- com.clouddemo.testscripts.CloudDemoProfileTest -->
