<?xml version="1.0" encoding="UTF-8"?>
<!-- Generated by org.testng.reporters.JUnitReportReporter -->
<testsuite hostname="DESKTOP-RBLI1AE" failures="0" tests="1" name="com.clouddemo.testscripts.CloudDemoForgotPasswordTest" time="8.959" errors="0" timestamp="2023-07-24T15:01:33 IST" skipped="0">
  <testcase classname="com.clouddemo.testscripts.CloudDemoForgotPasswordTest" name="verifyValidEmailAddress" time="8.959"/>
  <system-out>
confirmation of forgot password msg Redirected to Login Page  </system-out>
</testsuite> <!-- com.clouddemo.testscripts.CloudDemoForgotPasswordTest -->
