<?xml version="1.0" encoding="UTF-8"?>
<!-- Generated by org.testng.reporters.JUnitReportReporter -->
<testsuite hostname="DESKTOP-RBLI1AE" failures="0" tests="1" name="com.clouddemo.testscripts.CloudDemoRegisterTest" time="9.317" errors="0" timestamp="2023-07-24T17:20:00 IST" skipped="0">
  <testcase classname="com.clouddemo.testscripts.CloudDemoRegisterTest" name="verifyBlankFields" time="9.317"/>
  <system-out>
You are on Register Page Confirm Password Should Match  </system-out>
</testsuite> <!-- com.clouddemo.testscripts.CloudDemoRegisterTest -->
